#
# There is insufficient memory for the Java Runtime Environment to continue.
# Native memory allocation (mmap) failed to map 87031808 bytes for committing reserved memory.
# Possible reasons:
#   The system is out of physical RAM or swap space
#   In 32 bit mode, the process size limit was hit
# Possible solutions:
#   Reduce memory load on the system
#   Increase physical memory or swap space
#   Check if swap backing store is full
#   Use 64 bit Java on a 64 bit OS
#   Decrease Java heap size (-Xmx/-Xms)
#   Decrease number of Java threads
#   Decrease Java thread stack sizes (-Xss)
#   Set larger code cache with -XX:ReservedCodeCacheSize=
# This output file may be truncated or incomplete.
#
#  Out of Memory Error (os_linux.cpp:2640), pid=21682, tid=0x00007f1a2fba6700
#
# JRE version:  (8.0_152-b01) (build )
# Java VM: OpenJDK 64-Bit Server VM (25.152-b01 mixed mode linux-amd64 compressed oops)
# Failed to write core dump. Core dumps have been disabled. To enable core dumping, try "ulimit -c unlimited" before starting Java again
#

---------------  T H R E A D  ---------------

Current thread (0x00007f1a2800b000):  JavaThread "Unknown thread" [_thread_in_vm, id=21683, stack(0x00007f1a2faa7000,0x00007f1a2fba7000)]

Stack: [0x00007f1a2faa7000,0x00007f1a2fba7000],  sp=0x00007f1a2fba5630,  free space=1017k
Native frames: (J=compiled Java code, j=interpreted, Vv=VM code, C=native code)
V  [libjvm.so+0xa70d2f]  VMError::report_and_die()+0x2af
V  [libjvm.so+0x4c7207]  report_vm_out_of_memory(char const*, int, unsigned long, VMErrorType, char const*)+0x67
V  [libjvm.so+0x8b5b60]  os::pd_commit_memory(char*, unsigned long, unsigned long, bool)+0x100
V  [libjvm.so+0x8b077f]  os::commit_memory(char*, unsigned long, unsigned long, bool)+0x1f
V  [libjvm.so+0x92e436]  PSVirtualSpace::expand_by(unsigned long)+0x56
V  [libjvm.so+0x91edbc]  PSOldGen::initialize(ReservedSpace, unsigned long, char const*, int)+0x8c
V  [libjvm.so+0x2ade5e]  AdjoiningGenerations::AdjoiningGenerations(ReservedSpace, GenerationSizer*, unsigned long)+0x2fe
V  [libjvm.so+0x8dc7b2]  ParallelScavengeHeap::initialize()+0x222
V  [libjvm.so+0xa343aa]  Universe::initialize_heap()+0x16a
V  [libjvm.so+0xa34683]  universe_init()+0x33
V  [libjvm.so+0x60d640]  init_globals()+0x50
V  [libjvm.so+0xa18257]  Threads::create_vm(JavaVMInitArgs*, bool*)+0x257
V  [libjvm.so+0x687751]  JNI_CreateJavaVM+0x51
C  [libjli.so+0x7c04]  JavaMain+0x84
C  [libpthread.so.0+0x76db]  start_thread+0xdb


---------------  P R O C E S S  ---------------

Java Threads: ( => current thread )

Other Threads:

=>0x00007f1a2800b000 (exited) JavaThread "Unknown thread" [_thread_in_vm, id=21683, stack(0x00007f1a2faa7000,0x00007f1a2fba7000)]

VM state:not at safepoint (not fully initialized)

VM Mutex/Monitor currently owned by a thread: None

GC Heap History (0 events):
No events

Deoptimization events (0 events):
No events

Classes redefined (0 events):
No events

Internal exceptions (0 events):
No events

Events (0 events):
No events


Dynamic libraries:
8a100000-d6f80000 ---p 00000000 00:00 0 
d6f80000-d9880000 rw-p 00000000 00:00 0 
d9880000-100000000 ---p 00000000 00:00 0 
556478ccf000-556478cd0000 r-xp 00000000 08:02 6688067                    /home/samarth/Downloads/android-studio/jre/bin/java
556478ecf000-556478ed0000 r--p 00000000 08:02 6688067                    /home/samarth/Downloads/android-studio/jre/bin/java
556478ed0000-556478ed1000 rw-p 00001000 08:02 6688067                    /home/samarth/Downloads/android-studio/jre/bin/java
55647adb2000-55647add3000 rw-p 00000000 00:00 0                          [heap]
7f1a19000000-7f1a19270000 rwxp 00000000 00:00 0 
7f1a19270000-7f1a28000000 ---p 00000000 00:00 0 
7f1a28000000-7f1a28035000 rw-p 00000000 00:00 0 
7f1a28035000-7f1a2c000000 ---p 00000000 00:00 0 
7f1a2c1c2000-7f1a2c438000 rw-p 00000000 00:00 0 
7f1a2c438000-7f1a2c6c8000 ---p 00000000 00:00 0 
7f1a2c6c8000-7f1a2c6de000 rw-p 00000000 00:00 0 
7f1a2c6de000-7f1a2c811000 ---p 00000000 00:00 0 
7f1a2c811000-7f1a2c81c000 rw-p 00000000 00:00 0 
7f1a2c81c000-7f1a2cbd2000 ---p 00000000 00:00 0 
7f1a2cbd2000-7f1a2cbec000 r-xp 00000000 08:02 6687961                    /home/samarth/Downloads/android-studio/jre/jre/lib/amd64/libzip.so
7f1a2cbec000-7f1a2cdeb000 ---p 0001a000 08:02 6687961                    /home/samarth/Downloads/android-studio/jre/jre/lib/amd64/libzip.so
7f1a2cdeb000-7f1a2cdec000 r--p 00019000 08:02 6687961                    /home/samarth/Downloads/android-studio/jre/jre/lib/amd64/libzip.so
7f1a2cdec000-7f1a2cded000 rw-p 0001a000 08:02 6687961                    /home/samarth/Downloads/android-studio/jre/jre/lib/amd64/libzip.so
7f1a2cded000-7f1a2cdf8000 r-xp 00000000 08:02 655551                     /lib/x86_64-linux-gnu/libnss_files-2.27.so
7f1a2cdf8000-7f1a2cff7000 ---p 0000b000 08:02 655551                     /lib/x86_64-linux-gnu/libnss_files-2.27.so
7f1a2cff7000-7f1a2cff8000 r--p 0000a000 08:02 655551                     /lib/x86_64-linux-gnu/libnss_files-2.27.so
7f1a2cff8000-7f1a2cff9000 rw-p 0000b000 08:02 655551                     /lib/x86_64-linux-gnu/libnss_files-2.27.so
7f1a2cff9000-7f1a2cfff000 rw-p 00000000 00:00 0 
7f1a2cfff000-7f1a2d016000 r-xp 00000000 08:02 655548                     /lib/x86_64-linux-gnu/libnsl-2.27.so
7f1a2d016000-7f1a2d215000 ---p 00017000 08:02 655548                     /lib/x86_64-linux-gnu/libnsl-2.27.so
7f1a2d215000-7f1a2d216000 r--p 00016000 08:02 655548                     /lib/x86_64-linux-gnu/libnsl-2.27.so
7f1a2d216000-7f1a2d217000 rw-p 00017000 08:02 655548                     /lib/x86_64-linux-gnu/libnsl-2.27.so
7f1a2d217000-7f1a2d219000 rw-p 00000000 00:00 0 
7f1a2d219000-7f1a2d224000 r-xp 00000000 08:02 655553                     /lib/x86_64-linux-gnu/libnss_nis-2.27.so
7f1a2d224000-7f1a2d423000 ---p 0000b000 08:02 655553                     /lib/x86_64-linux-gnu/libnss_nis-2.27.so
7f1a2d423000-7f1a2d424000 r--p 0000a000 08:02 655553                     /lib/x86_64-linux-gnu/libnss_nis-2.27.so
7f1a2d424000-7f1a2d425000 rw-p 0000b000 08:02 655553                     /lib/x86_64-linux-gnu/libnss_nis-2.27.so
7f1a2d425000-7f1a2d42d000 r-xp 00000000 08:02 655549                     /lib/x86_64-linux-gnu/libnss_compat-2.27.so
7f1a2d42d000-7f1a2d62d000 ---p 00008000 08:02 655549                     /lib/x86_64-linux-gnu/libnss_compat-2.27.so
7f1a2d62d000-7f1a2d62e000 r--p 00008000 08:02 655549                     /lib/x86_64-linux-gnu/libnss_compat-2.27.so
7f1a2d62e000-7f1a2d62f000 rw-p 00009000 08:02 655549                     /lib/x86_64-linux-gnu/libnss_compat-2.27.so
7f1a2d62f000-7f1a2d65c000 r-xp 00000000 08:02 6687960                    /home/samarth/Downloads/android-studio/jre/jre/lib/amd64/libjava.so
7f1a2d65c000-7f1a2d85b000 ---p 0002d000 08:02 6687960                    /home/samarth/Downloads/android-studio/jre/jre/lib/amd64/libjava.so
7f1a2d85b000-7f1a2d85c000 r--p 0002c000 08:02 6687960                    /home/samarth/Downloads/android-studio/jre/jre/lib/amd64/libjava.so
7f1a2d85c000-7f1a2d85e000 rw-p 0002d000 08:02 6687960                    /home/samarth/Downloads/android-studio/jre/jre/lib/amd64/libjava.so
7f1a2d85e000-7f1a2d86f000 r-xp 00000000 08:02 6687942                    /home/samarth/Downloads/android-studio/jre/jre/lib/amd64/libverify.so
7f1a2d86f000-7f1a2da6e000 ---p 00011000 08:02 6687942                    /home/samarth/Downloads/android-studio/jre/jre/lib/amd64/libverify.so
7f1a2da6e000-7f1a2da70000 r--p 00010000 08:02 6687942                    /home/samarth/Downloads/android-studio/jre/jre/lib/amd64/libverify.so
7f1a2da70000-7f1a2da71000 rw-p 00012000 08:02 6687942                    /home/samarth/Downloads/android-studio/jre/jre/lib/amd64/libverify.so
7f1a2da71000-7f1a2da78000 r-xp 00000000 08:02 655558                     /lib/x86_64-linux-gnu/librt-2.27.so
7f1a2da78000-7f1a2dc77000 ---p 00007000 08:02 655558                     /lib/x86_64-linux-gnu/librt-2.27.so
7f1a2dc77000-7f1a2dc78000 r--p 00006000 08:02 655558                     /lib/x86_64-linux-gnu/librt-2.27.so
7f1a2dc78000-7f1a2dc79000 rw-p 00007000 08:02 655558                     /lib/x86_64-linux-gnu/librt-2.27.so
7f1a2dc79000-7f1a2de16000 r-xp 00000000 08:02 655545                     /lib/x86_64-linux-gnu/libm-2.27.so
7f1a2de16000-7f1a2e015000 ---p 0019d000 08:02 655545                     /lib/x86_64-linux-gnu/libm-2.27.so
7f1a2e015000-7f1a2e016000 r--p 0019c000 08:02 655545                     /lib/x86_64-linux-gnu/libm-2.27.so
7f1a2e016000-7f1a2e017000 rw-p 0019d000 08:02 655545                     /lib/x86_64-linux-gnu/libm-2.27.so
7f1a2e017000-7f1a2ec83000 r-xp 00000000 08:02 6687935                    /home/samarth/Downloads/android-studio/jre/jre/lib/amd64/server/libjvm.so
7f1a2ec83000-7f1a2ee83000 ---p 00c6c000 08:02 6687935                    /home/samarth/Downloads/android-studio/jre/jre/lib/amd64/server/libjvm.so
7f1a2ee83000-7f1a2ef17000 r--p 00c6c000 08:02 6687935                    /home/samarth/Downloads/android-studio/jre/jre/lib/amd64/server/libjvm.so
7f1a2ef17000-7f1a2ef3f000 rw-p 00d00000 08:02 6687935                    /home/samarth/Downloads/android-studio/jre/jre/lib/amd64/server/libjvm.so
7f1a2ef3f000-7f1a2ef70000 rw-p 00000000 00:00 0 
7f1a2ef70000-7f1a2f157000 r-xp 00000000 08:02 655541                     /lib/x86_64-linux-gnu/libc-2.27.so
7f1a2f157000-7f1a2f357000 ---p 001e7000 08:02 655541                     /lib/x86_64-linux-gnu/libc-2.27.so
7f1a2f357000-7f1a2f35b000 r--p 001e7000 08:02 655541                     /lib/x86_64-linux-gnu/libc-2.27.so
7f1a2f35b000-7f1a2f35d000 rw-p 001eb000 08:02 655541                     /lib/x86_64-linux-gnu/libc-2.27.so
7f1a2f35d000-7f1a2f361000 rw-p 00000000 00:00 0 
7f1a2f361000-7f1a2f364000 r-xp 00000000 08:02 655544                     /lib/x86_64-linux-gnu/libdl-2.27.so
7f1a2f364000-7f1a2f563000 ---p 00003000 08:02 655544                     /lib/x86_64-linux-gnu/libdl-2.27.so
7f1a2f563000-7f1a2f564000 r--p 00002000 08:02 655544                     /lib/x86_64-linux-gnu/libdl-2.27.so
7f1a2f564000-7f1a2f565000 rw-p 00003000 08:02 655544                     /lib/x86_64-linux-gnu/libdl-2.27.so
7f1a2f565000-7f1a2f57b000 r-xp 00000000 08:02 6688038                    /home/samarth/Downloads/android-studio/jre/lib/amd64/jli/libjli.so
7f1a2f57b000-7f1a2f77b000 ---p 00016000 08:02 6688038                    /home/samarth/Downloads/android-studio/jre/lib/amd64/jli/libjli.so
7f1a2f77b000-7f1a2f77c000 r--p 00016000 08:02 6688038                    /home/samarth/Downloads/android-studio/jre/lib/amd64/jli/libjli.so
7f1a2f77c000-7f1a2f77d000 rw-p 00017000 08:02 6688038                    /home/samarth/Downloads/android-studio/jre/lib/amd64/jli/libjli.so
7f1a2f77d000-7f1a2f797000 r-xp 00000000 08:02 655556                     /lib/x86_64-linux-gnu/libpthread-2.27.so
7f1a2f797000-7f1a2f996000 ---p 0001a000 08:02 655556                     /lib/x86_64-linux-gnu/libpthread-2.27.so
7f1a2f996000-7f1a2f997000 r--p 00019000 08:02 655556                     /lib/x86_64-linux-gnu/libpthread-2.27.so
7f1a2f997000-7f1a2f998000 rw-p 0001a000 08:02 655556                     /lib/x86_64-linux-gnu/libpthread-2.27.so
7f1a2f998000-7f1a2f99c000 rw-p 00000000 00:00 0 
7f1a2f99c000-7f1a2f9c3000 r-xp 00000000 08:02 655537                     /lib/x86_64-linux-gnu/ld-2.27.so
7f1a2faa6000-7f1a2faa7000 ---p 00000000 00:00 0 
7f1a2faa7000-7f1a2faaa000 ---p 00000000 00:00 0 
7f1a2faaa000-7f1a2fbab000 rw-p 00000000 00:00 0 
7f1a2fbb9000-7f1a2fbc1000 rw-s 00000000 08:02 6431137                    /tmp/hsperfdata_samarth/21682
7f1a2fbc1000-7f1a2fbc2000 rw-p 00000000 00:00 0 
7f1a2fbc2000-7f1a2fbc3000 r--p 00000000 00:00 0 
7f1a2fbc3000-7f1a2fbc4000 r--p 00027000 08:02 655537                     /lib/x86_64-linux-gnu/ld-2.27.so
7f1a2fbc4000-7f1a2fbc5000 rw-p 00028000 08:02 655537                     /lib/x86_64-linux-gnu/ld-2.27.so
7f1a2fbc5000-7f1a2fbc6000 rw-p 00000000 00:00 0 
7ffceafb6000-7ffceafd7000 rw-p 00000000 00:00 0                          [stack]
7ffceaff3000-7ffceaff6000 r--p 00000000 00:00 0                          [vvar]
7ffceaff6000-7ffceaff8000 r-xp 00000000 00:00 0                          [vdso]
ffffffffff600000-ffffffffff601000 r-xp 00000000 00:00 0                  [vsyscall]

VM Arguments:
java_command: <unknown>
java_class_path (initial): .
Launcher Type: SUN_STANDARD

Environment Variables:
PATH=/usr/local/sbin:/usr/local/bin:/usr/sbin:/usr/bin:/sbin:/bin:/usr/games:/usr/local/games:/snap/bin
USERNAME=samarth
SHELL=/bin/bash
DISPLAY=:0

Signal Handlers:
SIGSEGV: [libjvm.so+0xa71660], sa_mask[0]=11111111011111111101111111111110, sa_flags=SA_RESTART|SA_SIGINFO
SIGBUS: [libjvm.so+0xa71660], sa_mask[0]=11111111011111111101111111111110, sa_flags=SA_RESTART|SA_SIGINFO
SIGFPE: [libjvm.so+0x8b1770], sa_mask[0]=11111111011111111101111111111110, sa_flags=SA_RESTART|SA_SIGINFO
SIGPIPE: [libjvm.so+0x8b1770], sa_mask[0]=11111111011111111101111111111110, sa_flags=SA_RESTART|SA_SIGINFO
SIGXFSZ: [libjvm.so+0x8b1770], sa_mask[0]=11111111011111111101111111111110, sa_flags=SA_RESTART|SA_SIGINFO
SIGILL: [libjvm.so+0x8b1770], sa_mask[0]=11111111011111111101111111111110, sa_flags=SA_RESTART|SA_SIGINFO
SIGUSR1: SIG_DFL, sa_mask[0]=00000000000000000000000000000000, sa_flags=none
SIGUSR2: [libjvm.so+0x8b1640], sa_mask[0]=00100000000000000000010000100000, sa_flags=SA_RESTART|SA_SIGINFO
SIGHUP: SIG_DFL, sa_mask[0]=00000000000000000000000000000000, sa_flags=none
SIGINT: SIG_DFL, sa_mask[0]=00000000000000000000000000000000, sa_flags=none
SIGTERM: SIG_DFL, sa_mask[0]=00000000000000000000000000000000, sa_flags=none
SIGQUIT: SIG_DFL, sa_mask[0]=00000000000000000000000000000000, sa_flags=none


---------------  S Y S T E M  ---------------

OS:DISTRIB_ID=Ubuntu
DISTRIB_RELEASE=18.04
DISTRIB_CODENAME=bionic
DISTRIB_DESCRIPTION="Ubuntu 18.04.2 LTS"

uname:Linux 4.15.0-46-generic #49-Ubuntu SMP Wed Feb 6 09:33:07 UTC 2019 x86_64
libc:glibc 2.27 NPTL 2.27 
rlimit: STACK 8192k, CORE 0k, NPROC 31138, NOFILE 1048576, AS infinity
load average:12.29 4.28 2.15

/proc/meminfo:
MemTotal:        8065796 kB
MemFree:          134316 kB
MemAvailable:      29664 kB
Buffers:            1140 kB
Cached:           261484 kB
SwapCached:         3892 kB
Active:          6739072 kB
Inactive:         852876 kB
Active(anon):    6731940 kB
Inactive(anon):   841584 kB
Active(file):       7132 kB
Inactive(file):    11292 kB
Unevictable:         392 kB
Mlocked:             392 kB
SwapTotal:       2097148 kB
SwapFree:              0 kB
Dirty:               168 kB
Writeback:             0 kB
AnonPages:       7326240 kB
Mapped:            45316 kB
Shmem:            244116 kB
Slab:             125836 kB
SReclaimable:      52760 kB
SUnreclaim:        73076 kB
KernelStack:       19584 kB
PageTables:       103188 kB
NFS_Unstable:          0 kB
Bounce:                0 kB
WritebackTmp:          0 kB
CommitLimit:     6130044 kB
Committed_AS:   19712292 kB
VmallocTotal:   34359738367 kB
VmallocUsed:           0 kB
VmallocChunk:          0 kB
HardwareCorrupted:     0 kB
AnonHugePages:         0 kB
ShmemHugePages:        0 kB
ShmemPmdMapped:        0 kB
CmaTotal:              0 kB
CmaFree:               0 kB
HugePages_Total:       0
HugePages_Free:        0
HugePages_Rsvd:        0
HugePages_Surp:        0
Hugepagesize:       2048 kB
DirectMap4k:      370552 kB
DirectMap2M:     7915520 kB
DirectMap1G:           0 kB


CPU:total 4 (initial active 4) (2 cores per cpu, 2 threads per core) family 6 model 78 stepping 3, cmov, cx8, fxsr, mmx, sse, sse2, sse3, ssse3, sse4.1, sse4.2, popcnt, avx, avx2, aes, clmul, erms, 3dnowpref, lzcnt, ht, tsc, tscinvbit, bmi1, bmi2, adx

/proc/cpuinfo:
processor	: 0
vendor_id	: GenuineIntel
cpu family	: 6
model		: 78
model name	: Intel(R) Core(TM) i5-6200U CPU @ 2.30GHz
stepping	: 3
microcode	: 0xc6
cpu MHz		: 489.604
cache size	: 3072 KB
physical id	: 0
siblings	: 4
core id		: 0
cpu cores	: 2
apicid		: 0
initial apicid	: 0
fpu		: yes
fpu_exception	: yes
cpuid level	: 22
wp		: yes
flags		: fpu vme de pse tsc msr pae mce cx8 apic sep mtrr pge mca cmov pat pse36 clflush dts acpi mmx fxsr sse sse2 ss ht tm pbe syscall nx pdpe1gb rdtscp lm constant_tsc art arch_perfmon pebs bts rep_good nopl xtopology nonstop_tsc cpuid aperfmperf tsc_known_freq pni pclmulqdq dtes64 monitor ds_cpl vmx est tm2 ssse3 sdbg fma cx16 xtpr pdcm pcid sse4_1 sse4_2 x2apic movbe popcnt tsc_deadline_timer aes xsave avx f16c rdrand lahf_lm abm 3dnowprefetch cpuid_fault epb invpcid_single pti ssbd ibrs ibpb stibp tpr_shadow vnmi flexpriority ept vpid fsgsbase tsc_adjust bmi1 avx2 smep bmi2 erms invpcid mpx rdseed adx smap clflushopt intel_pt xsaveopt xsavec xgetbv1 xsaves dtherm ida arat pln pts hwp hwp_notify hwp_act_window hwp_epp flush_l1d
bugs		: cpu_meltdown spectre_v1 spectre_v2 spec_store_bypass l1tf
bogomips	: 4800.00
clflush size	: 64
cache_alignment	: 64
address sizes	: 39 bits physical, 48 bits virtual
power management:

processor	: 1
vendor_id	: GenuineIntel
cpu family	: 6
model		: 78
model name	: Intel(R) Core(TM) i5-6200U CPU @ 2.30GHz
stepping	: 3
microcode	: 0xc6
cpu MHz		: 489.700
cache size	: 3072 KB
physical id	: 0
siblings	: 4
core id		: 1
cpu cores	: 2
apicid		: 2
initial apicid	: 2
fpu		: yes
fpu_exception	: yes
cpuid level	: 22
wp		: yes
flags		: fpu vme de pse tsc msr pae mce cx8 apic sep mtrr pge mca cmov pat pse36 clflush dts acpi mmx fxsr sse sse2 ss ht tm pbe syscall nx pdpe1gb rdtscp lm constant_tsc art arch_perfmon pebs bts rep_good nopl xtopology nonstop_tsc cpuid aperfmperf tsc_known_freq pni pclmulqdq dtes64 monitor ds_cpl vmx est tm2 ssse3 sdbg fma cx16 xtpr pdcm pcid sse4_1 sse4_2 x2apic movbe popcnt tsc_deadline_timer aes xsave avx f16c rdrand lahf_lm abm 3dnowprefetch cpuid_fault epb invpcid_single pti ssbd ibrs ibpb stibp tpr_shadow vnmi flexpriority ept vpid fsgsbase tsc_adjust bmi1 avx2 smep bmi2 erms invpcid mpx rdseed adx smap clflushopt intel_pt xsaveopt xsavec xgetbv1 xsaves dtherm ida arat pln pts hwp hwp_notify hwp_act_window hwp_epp flush_l1d
bugs		: cpu_meltdown spectre_v1 spectre_v2 spec_store_bypass l1tf
bogomips	: 4800.00
clflush size	: 64
cache_alignment	: 64
address sizes	: 39 bits physical, 48 bits virtual
power management:

processor	: 2
vendor_id	: GenuineIntel
cpu family	: 6
model		: 78
model name	: Intel(R) Core(TM) i5-6200U CPU @ 2.30GHz
stepping	: 3
microcode	: 0xc6
cpu MHz		: 500.065
cache size	: 3072 KB
physical id	: 0
siblings	: 4
core id		: 0
cpu cores	: 2
apicid		: 1
initial apicid	: 1
fpu		: yes
fpu_exception	: yes
cpuid level	: 22
wp		: yes
flags		: fpu vme de pse tsc msr pae mce cx8 apic sep mtrr pge mca cmov pat pse36 clflush dts acpi mmx fxsr sse sse2 ss ht tm pbe syscall nx pdpe1gb rdtscp lm constant_tsc art arch_perfmon pebs bts rep_good nopl xtopology nonstop_tsc cpuid aperfmperf tsc_known_freq pni pclmulqdq dtes64 monitor ds_cpl vmx est tm2 ssse3 sdbg fma cx16 xtpr pdcm pcid sse4_1 sse4_2 x2apic movbe popcnt tsc_deadline_timer aes xsave avx f16c rdrand lahf_lm abm 3dnowprefetch cpuid_fault epb invpcid_single pti ssbd ibrs ibpb stibp tpr_shadow vnmi flexpriority ept vpid fsgsbase tsc_adjust bmi1 avx2 smep bmi2 erms invpcid mpx rdseed adx smap clflushopt intel_pt xsaveopt xsavec xgetbv1 xsaves dtherm ida arat pln pts hwp hwp_notify hwp_act_window hwp_epp flush_l1d
bugs		: cpu_meltdown spectre_v1 spectre_v2 spec_store_bypass l1tf
bogomips	: 4800.00
clflush size	: 64
cache_alignment	: 64
address sizes	: 39 bits physical, 48 bits virtual
power management:

processor	: 3
vendor_id	: GenuineIntel
cpu family	: 6
model		: 78
model name	: Intel(R) Core(TM) i5-6200U CPU @ 2.30GHz
stepping	: 3
microcode	: 0xc6
cpu MHz		: 494.408
cache size	: 3072 KB
physical id	: 0
siblings	: 4
core id		: 1
cpu cores	: 2
apicid		: 3
initial apicid	: 3
fpu		: yes
fpu_exception	: yes
cpuid level	: 22
wp		: yes
flags		: fpu vme de pse tsc msr pae mce cx8 apic sep mtrr pge mca cmov pat pse36 clflush dts acpi mmx fxsr sse sse2 ss ht tm pbe syscall nx pdpe1gb rdtscp lm constant_tsc art arch_perfmon pebs bts rep_good nopl xtopology nonstop_tsc cpuid aperfmperf tsc_known_freq pni pclmulqdq dtes64 monitor ds_cpl vmx est tm2 ssse3 sdbg fma cx16 xtpr pdcm pcid sse4_1 sse4_2 x2apic movbe popcnt tsc_deadline_timer aes xsave avx f16c rdrand lahf_lm abm 3dnowprefetch cpuid_fault epb invpcid_single pti ssbd ibrs ibpb stibp tpr_shadow vnmi flexpriority ept vpid fsgsbase tsc_adjust bmi1 avx2 smep bmi2 erms invpcid mpx rdseed adx smap clflushopt intel_pt xsaveopt xsavec xgetbv1 xsaves dtherm ida arat pln pts hwp hwp_notify hwp_act_window hwp_epp flush_l1d
bugs		: cpu_meltdown spectre_v1 spectre_v2 spec_store_bypass l1tf
bogomips	: 4800.00
clflush size	: 64
cache_alignment	: 64
address sizes	: 39 bits physical, 48 bits virtual
power management:



Memory: 4k page, physical 8065796k(133200k free), swap 2097148k(0k free)

vm_info: OpenJDK 64-Bit Server VM (25.152-b01) for linux-amd64 JRE (1.8.0_152-release-1248-b01), built by "builder" with gcc 7.3.0

time: Wed Mar 13 23:32:03 2019
elapsed time: 2 seconds (0d 0h 0m 2s)

